root - INFO - File import complete
root - INFO - Generating data statistics...
root - INFO - The dataframe has 5121 cols and 23 rows
root - INFO - Check the nulls of the dataframe...
root - INFO - Unnamed: 0                  0
CLIENTNUM                   0
Attrition_Flag              0
Customer_Age                0
Gender                      0
Dependent_count             0
Education_Level             0
Marital_Status              0
Income_Category             0
Card_Category               0
Months_on_book              0
Total_Relationship_Count    0
Months_Inactive_12_mon      0
Contacts_Count_12_mon       0
Credit_Limit                0
Total_Revolving_Bal         0
Avg_Open_To_Buy             0
Total_Amt_Chng_Q4_Q1        0
Total_Trans_Amt             0
Total_Trans_Ct              0
Total_Ct_Chng_Q4_Q1         0
Avg_Utilization_Ratio       0
Churn                       0
dtype: int64
root - INFO - Show summary statistics for data...
root - INFO -         Unnamed: 0     CLIENTNUM  Customer_Age  Dependent_count  ...  Total_Trans_Ct  Total_Ct_Chng_Q4_Q1  Avg_Utilization_Ratio        Churn
count  5121.000000  5.121000e+03   5121.000000      5121.000000  ...     5121.000000          5121.000000            5121.000000  5121.000000
mean   2560.000000  7.401450e+08     46.270064         2.246241  ...       52.527045             0.708280               0.267264     0.116969
std    1478.449695  3.730730e+07      8.737888         1.308662  ...       18.833639             0.288136               0.268617     0.321415
min       0.000000  7.080833e+08     26.000000         0.000000  ...       10.000000             0.000000               0.000000     0.000000
25%    1280.000000  7.132067e+08     40.000000         1.000000  ...       36.000000             0.542000               0.038000     0.000000
50%    2560.000000  7.181915e+08     46.000000         2.000000  ...       52.000000             0.676000               0.170000     0.000000
75%    3840.000000  7.784479e+08     53.000000         3.000000  ...       69.000000             0.824000               0.469000     0.000000
max    5120.000000  8.283431e+08     73.000000         5.000000  ...      103.000000             3.714000               0.999000     1.000000

[8 rows x 17 columns]
root - INFO - Churn distirbution chart complete and saved
root - INFO - Customer distirbution chart complete and saved
root - INFO - Marital status bar chart complete and saved
root - INFO - Total transaction density chart complete and saved
root - INFO - Heatmap corr chart complete and saved
root - INFO - Encoding of categorical variables...
root - INFO - Encoding complete.
root - INFO - Train and test set ready!
root - INFO - Fitting of model ongoing...
root - INFO - Parameters initialized!
root - INFO - Fitting completed!
root - INFO - Prediction complete
root - INFO - random forest results
root - INFO - test results
root - INFO -               precision    recall  f1-score   support

           0       0.96      0.99      0.98      1352
           1       0.89      0.72      0.80       185

    accuracy                           0.96      1537
   macro avg       0.93      0.86      0.89      1537
weighted avg       0.95      0.96      0.95      1537

root - INFO - train results
root - INFO -               precision    recall  f1-score   support

           0       1.00      1.00      1.00      3170
           1       1.00      1.00      1.00       414

    accuracy                           1.00      3584
   macro avg       1.00      1.00      1.00      3584
weighted avg       1.00      1.00      1.00      3584

root - INFO - logistic regression results
root - INFO - test results
root - INFO -               precision    recall  f1-score   support

           0       0.93      0.98      0.96      1352
           1       0.78      0.50      0.61       185

    accuracy                           0.92      1537
   macro avg       0.86      0.74      0.78      1537
weighted avg       0.92      0.92      0.91      1537

root - INFO - train results
root - INFO -               precision    recall  f1-score   support

           0       0.94      0.98      0.96      3170
           1       0.77      0.50      0.60       414

    accuracy                           0.92      3584
   macro avg       0.85      0.74      0.78      3584
weighted avg       0.92      0.92      0.92      3584

root - INFO - Results displayed successfully
root - INFO - Matrix plot stored successfully
root - INFO - Models saved!
root - INFO - Models roc plot complete. Check images folder for result!
root - INFO - Model explainer plot complete. Check images folder for result!
root - INFO - Feature importance plot complete. Check images folder for result!
